[82264.160818] from dmu_write_uio_dnode
[82264.160823] len 65536
[82264.160889] === db->db_bp is not null
[82264.160891] === db->db_bp is not null
[82264.160892] === db->db_bp is not null
[82264.160893] === db->db_bp is not null
[82264.160894] === db->db_bp is not null
[82264.160895] === db->db_bp is not null
[82264.160896] === db->db_bp is not null
[82264.160898] === db->db_bp is not null
[82266.111348] === db->db_bp is not null
[82266.111354] === db->db_bp is not null
[82266.111788] zp->zp_type 19=======
[82266.111797] ------------------------------------1442
[82266.111934] zp->zp_type 19=======
[82266.111936] ------------------------------------1442
[82266.112060] zp->zp_type 10=======
[82266.112064] ------------------------------------1442
[82266.112161] zp->zp_type 10=======
[82266.112166] ------------------------------------1442
[82266.112260] === db->db_bp is not null
[82266.112322] zp->zp_type 10=======
[82266.112323] ------------------------------------1442
[82266.112410] zp->zp_type 10=======
[82266.112414] ------------------------------------1442
[82266.112532] zp->zp_type 10=======
[82266.112536] ------------------------------------1442
[82266.112666] zp->zp_type 10=======
[82266.112668] ------------------------------------1442
[82266.112761] zp->zp_type 11=======
[82266.112764] ------------------------------------1442
[82266.113826] === db->db_bp is not null
[82266.113845] === db->db_bp is not null
[82266.113913] zp->zp_type 39=======
[82266.113915] zp->zp_type 39=======
[82266.113918] ------------------------------------1442
[82266.113921] ------------------------------------1442
[82266.113994] zp->zp_type 11=======
[82266.113997] ------------------------------------1442
[82266.114364] zp->zp_type 10=======
[82266.114368] ------------------------------------1442
[82266.114377] zp->zp_type 10=======
[82266.114380] ------------------------------------1442
[82266.114456] zp->zp_type 10=======
[82266.114458] ------------------------------------1442
[82266.114628] zp->zp_type 11=======
[82266.114631] ------------------------------------1442
[82266.129381] === db->db_bp is not null
[82266.129384] === db->db_bp is not null
[82266.129412] === db->db_bp is not null
[82266.129449] === db->db_bp is not null
[82266.129497] === db->db_bp is not null
[82266.129521] === db->db_bp is not null
[82266.129562] === db->db_bp is not null
[82266.129719] zp->zp_type 8=======
[82266.129721] ------------------------------------1442
[82266.129725] ------------------------------------149
[82266.129746] zp->zp_type 8=======
[82266.129747] ------------------------------------1442
[82266.129756] zp->zp_type 8=======
[82266.129762] ------------------------------------1442
[82266.129928] zp->zp_type 8=======
[82266.129930] ------------------------------------1442
[82266.130021] zp->zp_type 10=======
[82266.130021] zp->zp_type 10=======
[82266.130023] ------------------------------------1442
[82266.130024] ------------------------------------1442
[82266.130069] zp->zp_type 10=======
[82266.130073] ------------------------------------1442
[82266.130189] zp->zp_type 11=======
[82266.130191] ------------------------------------1442
[82266.131248] === db->db_bp is not null
[82266.131250] === db->db_bp is not null
[82266.131251] === db->db_bp is not null
[82266.131279] === db->db_bp is not null
[82266.131295] === db->db_bp is not null
[82266.131317] === db->db_bp is not null
[82266.131349] === db->db_bp is not null
[82266.131376] === db->db_bp is not null
[82266.131475] zp->zp_type 8=======
[82266.131479] ------------------------------------1442
[82266.131483] zp->zp_type 5=======
[82266.131484] ------------------------------------1442
[82266.131557] zp->zp_type 8=======
[82266.131560] zp->zp_type 8=======
[82266.131560] ------------------------------------1442
[82266.131561] zp->zp_type 8=======
[82266.131565] ------------------------------------1442
[82266.131567] ------------------------------------1442
[82266.131621] zp->zp_type 10=======
[82266.131623] ------------------------------------1442
[82266.131623] zp->zp_type 10=======
[82266.131625] ------------------------------------1442
[82266.131649] zp->zp_type 10=======
[82266.131651] ------------------------------------1442
[82266.131751] zp->zp_type 11=======
[82266.131753] ------------------------------------1442
[82266.135170] === db->db_bp is not null
[82266.135174] === db->db_bp is not null
[82266.135203] === db->db_bp is not null
[82266.135255] === db->db_bp is not null
[82266.135292] === db->db_bp is not null
[82266.135320] === db->db_bp is not null
[82266.135449] zp->zp_type 8=======
[82266.135459] ------------------------------------1442
[82266.135499] zp->zp_type 8=======
[82266.135501] zp->zp_type 8=======
[82266.135503] ------------------------------------1442
[82266.135505] ------------------------------------1442
[82266.135694] zp->zp_type 10=======
[82266.135695] ------------------------------------1442
[82266.135696] zp->zp_type 10=======
[82266.135697] ------------------------------------1442
[82266.135729] zp->zp_type 10=======
[82266.135730] ------------------------------------1442
[82266.135783] zp->zp_type 11=======
[82266.135786] ------------------------------------1442
